<?xml version="1.0" encoding="UTF-8"?>
<!-- Generated by org.testng.reporters.JUnitXMLReporter -->
<testsuite ignored="1" hostname="DESKTOP-OQ4MTFM" failures="0" tests="1" name="Default test" time="11.125" errors="0" timestamp="2024-06-20T16:58:49 IST">
  <testcase classname="com.testNg.Test_usecase" name="checkModule" time="0.037"/>
  <testcase classname="com.testNg.Test_usecase" name="checkUsername" time="0.0">
    <ignored/>
  </testcase> <!-- checkUsername -->
</testsuite> <!-- Default test -->
