<?xml version="1.0" encoding="UTF-8"?>
<testsuite xmlns:xsi="http://www.w3.org/2001/XMLSchema-instance" xsi:noNamespaceSchemaLocation="https://maven.apache.org/surefire/maven-surefire-plugin/xsd/surefire-test-report-3.0.xsd" version="3.0" name="com.testNg.Test_usecase" time="11.754" tests="2" errors="0" skipped="0" failures="0">
  <properties>
[...]
</properties>
  <testcase name="checkModule" classname="com.testNg.Test_usecase" time="0.034">
    <system-out><![CDATA[19:49:43.022 [main] WARN org.testng.internal.Configuration - Detected a static method [com.testNg.Test_usecase.setup()]. Static configuration methods can cause unexpected behavior.
19:49:43.028 [main] WARN org.testng.internal.Configuration - Detected a static method [com.testNg.Test_usecase.userCrdentials()]. Static configuration methods can cause unexpected behavior.
19:49:43.033 [main] WARN org.testng.internal.Configuration - Detected a static method [com.testNg.Test_usecase.tearDown()]. Static configuration methods can cause unexpected behavior.
]]></system-out>
  </testcase>
  <testcase name="checkUsername" classname="com.testNg.Test_usecase" time="0.061"/>
</testsuite>