<?xml version="1.0" encoding="UTF-8"?>
<testng-results ignored="0" total="2" passed="2" failed="0" skipped="0">
  <reporter-output>
  </reporter-output>
  <suite started-at="2024-06-23T14:43:11 IST" name="Surefire suite" finished-at="2024-06-23T14:43:33 IST" duration-ms="22064">
    <groups>
    </groups>
    <test started-at="2024-06-23T14:43:11 IST" name="Surefire test" finished-at="2024-06-23T14:43:33 IST" duration-ms="22064">
      <class name="com.testNg.Test_usecase">
        <test-method is-config="true" signature="setup()[pri:0, instance:com.testNg.Test_usecase@7c469c48]" started-at="2024-06-23T14:43:11 IST" name="setup" finished-at="2024-06-23T14:43:30 IST" duration-ms="19009" status="PASS">
          <reporter-output>
          </reporter-output>
        </test-method> <!-- setup -->
        <test-method is-config="true" signature="userCrdentials()[pri:0, instance:com.testNg.Test_usecase@7c469c48]" started-at="2024-06-23T14:43:30 IST" name="userCrdentials" finished-at="2024-06-23T14:43:33 IST" duration-ms="2279" status="PASS">
          <reporter-output>
          </reporter-output>
        </test-method> <!-- userCrdentials -->
        <test-method signature="checkModule()[pri:0, instance:com.testNg.Test_usecase@7c469c48]" started-at="2024-06-23T14:43:33 IST" name="checkModule" finished-at="2024-06-23T14:43:33 IST" duration-ms="36" status="PASS">
          <reporter-output>
          </reporter-output>
        </test-method> <!-- checkModule -->
        <test-method signature="checkUsername()[pri:0, instance:com.testNg.Test_usecase@7c469c48]" started-at="2024-06-23T14:43:33 IST" name="checkUsername" finished-at="2024-06-23T14:43:33 IST" duration-ms="50" status="PASS">
          <reporter-output>
          </reporter-output>
        </test-method> <!-- checkUsername -->
        <test-method is-config="true" signature="tearDown()[pri:0, instance:com.testNg.Test_usecase@7c469c48]" started-at="2024-06-23T14:43:33 IST" name="tearDown" finished-at="2024-06-23T14:43:33 IST" duration-ms="583" status="PASS">
          <reporter-output>
          </reporter-output>
        </test-method> <!-- tearDown -->
      </class> <!-- com.testNg.Test_usecase -->
    </test> <!-- Surefire test -->
  </suite> <!-- Surefire suite -->
</testng-results>
