<?xml version="1.0" encoding="UTF-8"?>
<testng-results ignored="0" total="2" passed="2" failed="0" skipped="0">
  <reporter-output>
  </reporter-output>
  <suite started-at="2024-06-23T19:46:47 IST" name="Default suite" finished-at="2024-06-23T19:46:59 IST" duration-ms="12933">
    <groups>
    </groups>
    <test started-at="2024-06-23T19:46:47 IST" name="Default test" finished-at="2024-06-23T19:46:59 IST" duration-ms="12933">
      <class name="com.testNg.Test_usecase">
        <test-method is-config="true" signature="setup()[pri:0, instance:com.testNg.Test_usecase@74e52303]" started-at="2024-06-23T19:46:47 IST" name="setup" finished-at="2024-06-23T19:46:57 IST" duration-ms="10220" status="PASS">
          <reporter-output>
          </reporter-output>
        </test-method> <!-- setup -->
        <test-method is-config="true" signature="userCrdentials()[pri:0, instance:com.testNg.Test_usecase@74e52303]" started-at="2024-06-23T19:46:57 IST" name="userCrdentials" finished-at="2024-06-23T19:46:59 IST" duration-ms="2248" status="PASS">
          <reporter-output>
          </reporter-output>
        </test-method> <!-- userCrdentials -->
        <test-method signature="checkModule()[pri:0, instance:com.testNg.Test_usecase@74e52303]" started-at="2024-06-23T19:46:59 IST" name="checkModule" finished-at="2024-06-23T19:46:59 IST" duration-ms="49" status="PASS">
          <reporter-output>
          </reporter-output>
        </test-method> <!-- checkModule -->
        <test-method signature="checkUsername()[pri:0, instance:com.testNg.Test_usecase@74e52303]" started-at="2024-06-23T19:46:59 IST" name="checkUsername" finished-at="2024-06-23T19:46:59 IST" duration-ms="56" status="PASS">
          <reporter-output>
          </reporter-output>
        </test-method> <!-- checkUsername -->
        <test-method is-config="true" signature="tearDown()[pri:0, instance:com.testNg.Test_usecase@74e52303]" started-at="2024-06-23T19:46:59 IST" name="tearDown" finished-at="2024-06-23T19:46:59 IST" duration-ms="267" status="PASS">
          <reporter-output>
          </reporter-output>
        </test-method> <!-- tearDown -->
      </class> <!-- com.testNg.Test_usecase -->
    </test> <!-- Default test -->
  </suite> <!-- Default suite -->
</testng-results>
