<?xml version="1.0" encoding="UTF-8"?>
<testng-results ignored="1" total="2" passed="1" failed="0" skipped="0">
  <reporter-output>
  </reporter-output>
  <suite started-at="2024-06-20T16:58:38 IST" name="Default suite" finished-at="2024-06-20T16:58:49 IST" duration-ms="11125">
    <groups>
    </groups>
    <test started-at="2024-06-20T16:58:38 IST" name="Default test" finished-at="2024-06-20T16:58:49 IST" duration-ms="11125">
      <class name="com.testNg.Test_usecase">
        <test-method is-config="true" signature="setup()[pri:0, instance:com.testNg.Test_usecase@74e52303]" started-at="2024-06-20T16:58:38 IST" name="setup" finished-at="2024-06-20T16:58:47 IST" duration-ms="8574" status="PASS">
          <reporter-output>
          </reporter-output>
        </test-method> <!-- setup -->
        <test-method is-config="true" signature="userCrdentials()[pri:0, instance:com.testNg.Test_usecase@74e52303]" started-at="2024-06-20T16:58:47 IST" name="userCrdentials" finished-at="2024-06-20T16:58:49 IST" duration-ms="2074" status="PASS">
          <reporter-output>
          </reporter-output>
        </test-method> <!-- userCrdentials -->
        <test-method signature="checkModule()[pri:0, instance:com.testNg.Test_usecase@74e52303]" started-at="2024-06-20T16:58:49 IST" name="checkModule" finished-at="2024-06-20T16:58:49 IST" duration-ms="37" status="PASS">
          <reporter-output>
          </reporter-output>
        </test-method> <!-- checkModule -->
        <test-method is-config="true" signature="tearDown()[pri:0, instance:com.testNg.Test_usecase@74e52303]" started-at="2024-06-20T16:58:49 IST" name="tearDown" finished-at="2024-06-20T16:58:49 IST" duration-ms="356" status="PASS">
          <reporter-output>
          </reporter-output>
        </test-method> <!-- tearDown -->
      </class> <!-- com.testNg.Test_usecase -->
    </test> <!-- Default test -->
  </suite> <!-- Default suite -->
</testng-results>
